<?xml version="1.0" encoding="UTF-8"?>
<coverage generated="1526126311636" clover="3.2.0">
  <project timestamp="1526126311636" name="All files">
    <metrics statements="134" coveredstatements="90" conditionals="26" coveredconditionals="12" methods="45" coveredmethods="23" elements="205" coveredelements="125" complexity="0" loc="134" ncloc="134" packages="7" files="18" classes="18">
      <package name="src.app">
        <metrics statements="17" coveredstatements="9" conditionals="7" coveredconditionals="2" methods="4" coveredmethods="3"/>
        <file name="store.js" path="C:\Users\Training\react-workshop\src\app\store.js">
          <metrics statements="17" coveredstatements="9" conditionals="7" coveredconditionals="2" methods="4" coveredmethods="3"/>
          <line num="13" count="1" type="stmt"/>
          <line num="16" count="3" type="stmt"/>
          <line num="18" count="3" type="cond" truecount="1" falsecount="1"/>
          <line num="20" count="0" type="stmt"/>
          <line num="23" count="3" type="stmt"/>
          <line num="32" count="1" type="stmt"/>
          <line num="40" count="1" type="stmt"/>
          <line num="42" count="1" type="stmt"/>
          <line num="45" count="0" type="stmt"/>
          <line num="46" count="0" type="stmt"/>
          <line num="53" count="0" type="stmt"/>
          <line num="56" count="0" type="cond" truecount="0" falsecount="4"/>
          <line num="57" count="0" type="stmt"/>
          <line num="58" count="0" type="stmt"/>
          <line num="62" count="0" type="stmt"/>
          <line num="68" count="1" type="stmt"/>
          <line num="75" count="1" type="stmt"/>
        </file>
      </package>
      <package name="src.app.components">
        <metrics statements="13" coveredstatements="13" conditionals="4" coveredconditionals="4" methods="5" coveredmethods="5"/>
        <file name="About.js" path="C:\Users\Training\react-workshop\src\app\components\About.js">
          <metrics statements="13" coveredstatements="13" conditionals="4" coveredconditionals="4" methods="5" coveredmethods="5"/>
          <line num="6" count="2" type="stmt"/>
          <line num="8" count="2" type="stmt"/>
          <line num="16" count="1" type="stmt"/>
          <line num="22" count="1" type="stmt"/>
          <line num="23" count="1" type="stmt"/>
          <line num="27" count="1" type="stmt"/>
          <line num="30" count="1" type="stmt"/>
          <line num="33" count="1" type="stmt"/>
          <line num="45" count="4" type="stmt"/>
          <line num="46" count="4" type="stmt"/>
          <line num="63" count="4" type="stmt"/>
          <line num="75" count="1" type="stmt"/>
          <line num="79" count="1" type="stmt"/>
        </file>
      </package>
      <package name="src.app.product.state">
        <metrics statements="11" coveredstatements="8" conditionals="5" coveredconditionals="2" methods="1" coveredmethods="1"/>
        <file name="action-types.js" path="C:\Users\Training\react-workshop\src\app\product\state\action-types.js">
          <metrics statements="4" coveredstatements="4" conditionals="0" coveredconditionals="0" methods="0" coveredmethods="0"/>
          <line num="1" count="1" type="stmt"/>
          <line num="2" count="1" type="stmt"/>
          <line num="5" count="1" type="stmt"/>
          <line num="7" count="1" type="stmt"/>
        </file>
        <file name="productReducer.js" path="C:\Users\Training\react-workshop\src\app\product\state\productReducer.js">
          <metrics statements="7" coveredstatements="4" conditionals="5" coveredconditionals="2" methods="1" coveredmethods="1"/>
          <line num="3" count="1" type="stmt"/>
          <line num="12" count="3" type="stmt"/>
          <line num="14" count="3" type="cond" truecount="1" falsecount="3"/>
          <line num="16" count="0" type="stmt"/>
          <line num="20" count="0" type="stmt"/>
          <line num="24" count="0" type="stmt"/>
          <line num="30" count="3" type="stmt"/>
        </file>
      </package>
      <package name="src.app.redux-cart.components">
        <metrics statements="32" coveredstatements="21" conditionals="0" coveredconditionals="0" methods="14" coveredmethods="6"/>
        <file name="Cart.js" path="C:\Users\Training\react-workshop\src\app\redux-cart\components\Cart.js">
          <metrics statements="6" coveredstatements="2" conditionals="0" coveredconditionals="0" methods="3" coveredmethods="0"/>
          <line num="10" count="0" type="stmt"/>
          <line num="12" count="0" type="stmt"/>
          <line num="16" count="0" type="stmt"/>
          <line num="21" count="0" type="stmt"/>
          <line num="39" count="1" type="stmt"/>
          <line num="43" count="1" type="stmt"/>
        </file>
        <file name="CartItem.js" path="C:\Users\Training\react-workshop\src\app\redux-cart\components\CartItem.js">
          <metrics statements="16" coveredstatements="11" conditionals="0" coveredconditionals="0" methods="8" coveredmethods="4"/>
          <line num="9" count="2" type="stmt"/>
          <line num="11" count="2" type="stmt"/>
          <line num="24" count="0" type="stmt"/>
          <line num="30" count="0" type="stmt"/>
          <line num="36" count="0" type="stmt"/>
          <line num="38" count="0" type="stmt"/>
          <line num="46" count="2" type="stmt"/>
          <line num="48" count="2" type="stmt"/>
          <line num="53" count="2" type="stmt"/>
          <line num="55" count="2" type="stmt"/>
          <line num="58" count="2" type="stmt"/>
          <line num="61" count="2" type="stmt"/>
          <line num="73" count="2" type="stmt"/>
          <line num="78" count="0" type="stmt"/>
          <line num="88" count="2" type="stmt"/>
          <line num="92" count="2" type="stmt"/>
        </file>
        <file name="CartList.js" path="C:\Users\Training\react-workshop\src\app\redux-cart\components\CartList.js">
          <metrics statements="6" coveredstatements="6" conditionals="0" coveredconditionals="0" methods="2" coveredmethods="2"/>
          <line num="8" count="1" type="stmt"/>
          <line num="10" count="1" type="stmt"/>
          <line num="12" count="1" type="stmt"/>
          <line num="30" count="2" type="stmt"/>
          <line num="45" count="2" type="stmt"/>
          <line num="49" count="2" type="stmt"/>
        </file>
        <file name="CartSummary.js" path="C:\Users\Training\react-workshop\src\app\redux-cart\components\CartSummary.js">
          <metrics statements="4" coveredstatements="2" conditionals="0" coveredconditionals="0" methods="1" coveredmethods="0"/>
          <line num="10" count="0" type="stmt"/>
          <line num="12" count="0" type="stmt"/>
          <line num="23" count="1" type="stmt"/>
          <line num="27" count="1" type="stmt"/>
        </file>
      </package>
      <package name="src.app.redux-cart.containers">
        <metrics statements="27" coveredstatements="16" conditionals="0" coveredconditionals="0" methods="9" coveredmethods="4"/>
        <file name="Cart.js" path="C:\Users\Training\react-workshop\src\app\redux-cart\containers\Cart.js">
          <metrics statements="10" coveredstatements="10" conditionals="0" coveredconditionals="0" methods="3" coveredmethods="3"/>
          <line num="21" count="1" type="stmt"/>
          <line num="22" count="1" type="stmt"/>
          <line num="31" count="1" type="stmt"/>
          <line num="33" count="1" type="stmt"/>
          <line num="36" count="1" type="stmt"/>
          <line num="37" count="1" type="stmt"/>
          <line num="44" count="1" type="stmt"/>
          <line num="45" count="1" type="stmt"/>
          <line num="67" count="1" type="stmt"/>
          <line num="70" count="1" type="stmt"/>
        </file>
        <file name="CartItem.js" path="C:\Users\Training\react-workshop\src\app\redux-cart\containers\CartItem.js">
          <metrics statements="2" coveredstatements="2" conditionals="0" coveredconditionals="0" methods="1" coveredmethods="1"/>
          <line num="9" count="2" type="stmt"/>
          <line num="10" count="2" type="stmt"/>
        </file>
        <file name="CartList.js" path="C:\Users\Training\react-workshop\src\app\redux-cart\containers\CartList.js">
          <metrics statements="2" coveredstatements="1" conditionals="0" coveredconditionals="0" methods="1" coveredmethods="0"/>
          <line num="5" count="1" type="stmt"/>
          <line num="6" count="0" type="stmt"/>
        </file>
        <file name="CartSummary.js" path="C:\Users\Training\react-workshop\src\app\redux-cart\containers\CartSummary.js">
          <metrics statements="13" coveredstatements="3" conditionals="0" coveredconditionals="0" methods="4" coveredmethods="0"/>
          <line num="12" count="0" type="stmt"/>
          <line num="13" count="0" type="stmt"/>
          <line num="14" count="0" type="stmt"/>
          <line num="16" count="0" type="stmt"/>
          <line num="17" count="0" type="stmt"/>
          <line num="18" count="0" type="stmt"/>
          <line num="21" count="0" type="stmt"/>
          <line num="29" count="1" type="stmt"/>
          <line num="30" count="1" type="stmt"/>
          <line num="31" count="0" type="stmt"/>
          <line num="33" count="1" type="stmt"/>
          <line num="35" count="0" type="stmt"/>
          <line num="38" count="0" type="stmt"/>
        </file>
      </package>
      <package name="src.app.redux-cart.state">
        <metrics statements="24" coveredstatements="17" conditionals="8" coveredconditionals="4" methods="7" coveredmethods="3"/>
        <file name="action-types.js" path="C:\Users\Training\react-workshop\src\app\redux-cart\state\action-types.js">
          <metrics statements="4" coveredstatements="4" conditionals="0" coveredconditionals="0" methods="0" coveredmethods="0"/>
          <line num="3" count="4" type="stmt"/>
          <line num="4" count="4" type="stmt"/>
          <line num="5" count="4" type="stmt"/>
          <line num="6" count="4" type="stmt"/>
        </file>
        <file name="actions.js" path="C:\Users\Training\react-workshop\src\app\redux-cart\state\actions.js">
          <metrics statements="9" coveredstatements="7" conditionals="0" coveredconditionals="0" methods="4" coveredmethods="2"/>
          <line num="5" count="4" type="stmt"/>
          <line num="6" count="3" type="stmt"/>
          <line num="14" count="4" type="stmt"/>
          <line num="15" count="0" type="stmt"/>
          <line num="24" count="4" type="stmt"/>
          <line num="25" count="0" type="stmt"/>
          <line num="34" count="4" type="stmt"/>
          <line num="35" count="2" type="stmt"/>
          <line num="37" count="2" type="stmt"/>
        </file>
        <file name="cartReducer.js" path="C:\Users\Training\react-workshop\src\app\redux-cart\state\cartReducer.js">
          <metrics statements="11" coveredstatements="6" conditionals="8" coveredconditionals="4" methods="3" coveredmethods="1"/>
          <line num="3" count="2" type="stmt"/>
          <line num="6" count="5" type="stmt"/>
          <line num="8" count="5" type="cond" truecount="3" falsecount="2"/>
          <line num="10" count="1" type="stmt"/>
          <line num="13" count="0" type="stmt"/>
          <line num="16" count="0" type="stmt"/>
          <line num="17" count="0" type="cond" truecount="0" falsecount="2"/>
          <line num="18" count="0" type="stmt"/>
          <line num="20" count="0" type="stmt"/>
          <line num="23" count="1" type="stmt"/>
          <line num="26" count="3" type="stmt"/>
        </file>
      </package>
      <package name="test-config">
        <metrics statements="10" coveredstatements="6" conditionals="2" coveredconditionals="0" methods="5" coveredmethods="1"/>
        <file name="browser-mocks.js" path="C:\Users\Training\react-workshop\test-config\browser-mocks.js">
          <metrics statements="7" coveredstatements="4" conditionals="2" coveredconditionals="0" methods="4" coveredmethods="1"/>
          <line num="2" count="5" type="stmt"/>
          <line num="3" count="5" type="stmt"/>
          <line num="5" count="5" type="stmt"/>
          <line num="7" count="0" type="cond" truecount="0" falsecount="2"/>
          <line num="10" count="0" type="stmt"/>
          <line num="13" count="0" type="stmt"/>
          <line num="19" count="5" type="stmt"/>
        </file>
        <file name="setupTests.js" path="C:\Users\Training\react-workshop\test-config\setupTests.js">
          <metrics statements="1" coveredstatements="1" conditionals="0" coveredconditionals="0" methods="0" coveredmethods="0"/>
          <line num="7" count="5" type="stmt"/>
        </file>
        <file name="shim.js" path="C:\Users\Training\react-workshop\test-config\shim.js">
          <metrics statements="2" coveredstatements="1" conditionals="0" coveredconditionals="0" methods="1" coveredmethods="0"/>
          <line num="4" count="5" type="stmt"/>
          <line num="5" count="0" type="stmt"/>
        </file>
      </package>
    </metrics>
  </project>
</coverage>
