{"C:\\Users\\Training\\react-workshop\\src\\app\\store.js": {"path":"C:\\Users\\Training\\react-workshop\\src\\app\\store.js","statementMap":{"0":{"start":{"line":13,"column":22},"end":{"line":13,"column":25}},"1":{"start":{"line":16,"column":3},"end":{"line":16,"column":50}},"2":{"start":{"line":18,"column":3},"end":{"line":24,"column":4}},"3":{"start":{"line":20,"column":12},"end":{"line":20,"column":47}},"4":{"start":{"line":23,"column":12},"end":{"line":23,"column":25}},"5":{"start":{"line":32,"column":18},"end":{"line":37,"column":2}},"6":{"start":{"line":40,"column":4},"end":{"line":64,"column":5}},"7":{"start":{"line":42,"column":8},"end":{"line":63,"column":9}},"8":{"start":{"line":45,"column":12},"end":{"line":45,"column":51}},"9":{"start":{"line":46,"column":12},"end":{"line":46,"column":63}},"10":{"start":{"line":53,"column":25},"end":{"line":53,"column":39}},"11":{"start":{"line":56,"column":12},"end":{"line":59,"column":13}},"12":{"start":{"line":57,"column":28},"end":{"line":57,"column":44}},"13":{"start":{"line":58,"column":16},"end":{"line":58,"column":62}},"14":{"start":{"line":62,"column":12},"end":{"line":62,"column":26}},"15":{"start":{"line":68,"column":14},"end":{"line":69,"column":69}},"16":{"start":{"line":75,"column":0},"end":{"line":75,"column":40}}},"fnMap":{"0":{"name":"counterReducer","decl":{"start":{"line":15,"column":9},"end":{"line":15,"column":23}},"loc":{"start":{"line":15,"column":55},"end":{"line":25,"column":1}},"line":15},"1":{"name":"loggerMiddleware","decl":{"start":{"line":39,"column":9},"end":{"line":39,"column":25}},"loc":{"start":{"line":39,"column":33},"end":{"line":65,"column":1}},"line":39},"2":{"name":"(anonymous_2)","decl":{"start":{"line":40,"column":11},"end":{"line":40,"column":12}},"loc":{"start":{"line":40,"column":28},"end":{"line":64,"column":5}},"line":40},"3":{"name":"(anonymous_3)","decl":{"start":{"line":42,"column":15},"end":{"line":42,"column":16}},"loc":{"start":{"line":42,"column":33},"end":{"line":63,"column":9}},"line":42}},"branchMap":{"0":{"loc":{"start":{"line":15,"column":24},"end":{"line":15,"column":45}},"type":"default-arg","locations":[{"start":{"line":15,"column":32},"end":{"line":15,"column":45}}],"line":15},"1":{"loc":{"start":{"line":18,"column":3},"end":{"line":24,"column":4}},"type":"switch","locations":[{"start":{"line":19,"column":7},"end":{"line":20,"column":47}},{"start":{"line":22,"column":8},"end":{"line":23,"column":25}}],"line":18},"2":{"loc":{"start":{"line":56,"column":12},"end":{"line":59,"column":13}},"type":"if","locations":[{"start":{"line":56,"column":12},"end":{"line":59,"column":13}},{"start":{"line":56,"column":12},"end":{"line":59,"column":13}}],"line":56},"3":{"loc":{"start":{"line":56,"column":16},"end":{"line":56,"column":84}},"type":"binary-expr","locations":[{"start":{"line":56,"column":16},"end":{"line":56,"column":43}},{"start":{"line":56,"column":47},"end":{"line":56,"column":84}}],"line":56}},"s":{"0":1,"1":3,"2":3,"3":0,"4":3,"5":1,"6":1,"7":1,"8":0,"9":0,"10":0,"11":0,"12":0,"13":0,"14":0,"15":1,"16":1},"f":{"0":3,"1":1,"2":1,"3":0},"b":{"0":[3],"1":[0,3],"2":[0,0],"3":[0,0]},"_coverageSchema":"332fd63041d2c1bcb487cc26dd0d5f7d97098a6c","hash":"e96c99f75517c466b90d277d4d82bd6398257718"}
,"C:\\Users\\Training\\react-workshop\\src\\app\\components\\About.js": {"path":"C:\\Users\\Training\\react-workshop\\src\\app\\components\\About.js","statementMap":{"0":{"start":{"line":6,"column":8},"end":{"line":6,"column":21}},"1":{"start":{"line":8,"column":8},"end":{"line":12,"column":9}},"2":{"start":{"line":16,"column":8},"end":{"line":16,"column":33}},"3":{"start":{"line":22,"column":8},"end":{"line":22,"column":48}},"4":{"start":{"line":23,"column":8},"end":{"line":25,"column":11}},"5":{"start":{"line":27,"column":8},"end":{"line":31,"column":10}},"6":{"start":{"line":30,"column":10},"end":{"line":30,"column":51}},"7":{"start":{"line":33,"column":8},"end":{"line":33,"column":47}},"8":{"start":{"line":45,"column":8},"end":{"line":45,"column":55}},"9":{"start":{"line":46,"column":8},"end":{"line":70,"column":9}},"10":{"start":{"line":63,"column":30},"end":{"line":63,"column":57}},"11":{"start":{"line":75,"column":0},"end":{"line":77,"column":1}},"12":{"start":{"line":79,"column":0},"end":{"line":81,"column":1}}},"fnMap":{"0":{"name":"(anonymous_0)","decl":{"start":{"line":5,"column":4},"end":{"line":5,"column":5}},"loc":{"start":{"line":5,"column":23},"end":{"line":13,"column":5}},"line":5},"1":{"name":"(anonymous_1)","decl":{"start":{"line":15,"column":13},"end":{"line":15,"column":14}},"loc":{"start":{"line":15,"column":20},"end":{"line":34,"column":5}},"line":15},"2":{"name":"(anonymous_2)","decl":{"start":{"line":29,"column":11},"end":{"line":29,"column":12}},"loc":{"start":{"line":29,"column":17},"end":{"line":31,"column":9}},"line":29},"3":{"name":"(anonymous_3)","decl":{"start":{"line":44,"column":4},"end":{"line":44,"column":5}},"loc":{"start":{"line":44,"column":13},"end":{"line":71,"column":5}},"line":44},"4":{"name":"(anonymous_4)","decl":{"start":{"line":62,"column":33},"end":{"line":62,"column":34}},"loc":{"start":{"line":63,"column":30},"end":{"line":63,"column":57}},"line":63}},"branchMap":{"0":{"loc":{"start":{"line":53,"column":21},"end":{"line":53,"column":52}},"type":"cond-expr","locations":[{"start":{"line":53,"column":38},"end":{"line":53,"column":44}},{"start":{"line":53,"column":46},"end":{"line":53,"column":52}}],"line":53},"1":{"loc":{"start":{"line":58,"column":13},"end":{"line":66,"column":18}},"type":"binary-expr","locations":[{"start":{"line":58,"column":13},"end":{"line":58,"column":28}},{"start":{"line":59,"column":13},"end":{"line":66,"column":18}}],"line":58}},"s":{"0":2,"1":2,"2":1,"3":1,"4":1,"5":1,"6":1,"7":1,"8":4,"9":4,"10":4,"11":1,"12":1},"f":{"0":2,"1":1,"2":1,"3":4,"4":4},"b":{"0":[2,2],"1":[4,2]},"_coverageSchema":"332fd63041d2c1bcb487cc26dd0d5f7d97098a6c","hash":"067af251ea1489b91d5b96b912096464ffaead76"}
,"C:\\Users\\Training\\react-workshop\\src\\app\\product\\state\\action-types.js": {"path":"C:\\Users\\Training\\react-workshop\\src\\app\\product\\state\\action-types.js","statementMap":{"0":{"start":{"line":1,"column":26},"end":{"line":1,"column":46}},"1":{"start":{"line":2,"column":23},"end":{"line":2,"column":40}},"2":{"start":{"line":5,"column":29},"end":{"line":5,"column":52}},"3":{"start":{"line":7,"column":28},"end":{"line":7,"column":50}}},"fnMap":{},"branchMap":{},"s":{"0":1,"1":1,"2":1,"3":1},"f":{},"b":{},"_coverageSchema":"332fd63041d2c1bcb487cc26dd0d5f7d97098a6c","hash":"851029426721a52378d7c407d08a9e8e89805f1e"}
,"C:\\Users\\Training\\react-workshop\\src\\app\\product\\state\\productReducer.js": {"path":"C:\\Users\\Training\\react-workshop\\src\\app\\product\\state\\productReducer.js","statementMap":{"0":{"start":{"line":3,"column":22},"end":{"line":8,"column":1}},"1":{"start":{"line":12,"column":8},"end":{"line":12,"column":55}},"2":{"start":{"line":14,"column":8},"end":{"line":31,"column":9}},"3":{"start":{"line":16,"column":16},"end":{"line":16,"column":82}},"4":{"start":{"line":20,"column":16},"end":{"line":20,"column":78}},"5":{"start":{"line":24,"column":16},"end":{"line":26,"column":18}},"6":{"start":{"line":30,"column":16},"end":{"line":30,"column":29}}},"fnMap":{"0":{"name":"productReducer","decl":{"start":{"line":11,"column":14},"end":{"line":11,"column":28}},"loc":{"start":{"line":11,"column":60},"end":{"line":33,"column":1}},"line":11}},"branchMap":{"0":{"loc":{"start":{"line":11,"column":29},"end":{"line":11,"column":50}},"type":"default-arg","locations":[{"start":{"line":11,"column":37},"end":{"line":11,"column":50}}],"line":11},"1":{"loc":{"start":{"line":14,"column":8},"end":{"line":31,"column":9}},"type":"switch","locations":[{"start":{"line":15,"column":12},"end":{"line":17,"column":13}},{"start":{"line":19,"column":12},"end":{"line":21,"column":13}},{"start":{"line":23,"column":12},"end":{"line":27,"column":13}},{"start":{"line":29,"column":12},"end":{"line":30,"column":29}}],"line":14}},"s":{"0":1,"1":3,"2":3,"3":0,"4":0,"5":0,"6":3},"f":{"0":3},"b":{"0":[3],"1":[0,0,0,3]},"_coverageSchema":"332fd63041d2c1bcb487cc26dd0d5f7d97098a6c","hash":"26c24a90f883532fb568020d623fc963e0393182"}
,"C:\\Users\\Training\\react-workshop\\src\\app\\redux-cart\\components\\Cart.js": {"path":"C:\\Users\\Training\\react-workshop\\src\\app\\redux-cart\\components\\Cart.js","statementMap":{"0":{"start":{"line":10,"column":8},"end":{"line":10,"column":49}},"1":{"start":{"line":12,"column":8},"end":{"line":35,"column":9}},"2":{"start":{"line":16,"column":35},"end":{"line":16,"column":50}},"3":{"start":{"line":21,"column":35},"end":{"line":21,"column":56}},"4":{"start":{"line":39,"column":0},"end":{"line":41,"column":1}},"5":{"start":{"line":43,"column":0},"end":{"line":45,"column":1}}},"fnMap":{"0":{"name":"Cart","decl":{"start":{"line":9,"column":24},"end":{"line":9,"column":28}},"loc":{"start":{"line":9,"column":36},"end":{"line":36,"column":1}},"line":9},"1":{"name":"(anonymous_1)","decl":{"start":{"line":16,"column":30},"end":{"line":16,"column":31}},"loc":{"start":{"line":16,"column":35},"end":{"line":16,"column":50}},"line":16},"2":{"name":"(anonymous_2)","decl":{"start":{"line":21,"column":30},"end":{"line":21,"column":31}},"loc":{"start":{"line":21,"column":35},"end":{"line":21,"column":56}},"line":21}},"branchMap":{},"s":{"0":0,"1":0,"2":0,"3":0,"4":1,"5":1},"f":{"0":0,"1":0,"2":0},"b":{},"_coverageSchema":"332fd63041d2c1bcb487cc26dd0d5f7d97098a6c","hash":"3d198fffbdbde1670e003fd11ca5ef80d5c49455"}
,"C:\\Users\\Training\\react-workshop\\src\\app\\redux-cart\\components\\CartItem.js": {"path":"C:\\Users\\Training\\react-workshop\\src\\app\\redux-cart\\components\\CartItem.js","statementMap":{"0":{"start":{"line":9,"column":8},"end":{"line":9,"column":21}},"1":{"start":{"line":11,"column":8},"end":{"line":13,"column":9}},"2":{"start":{"line":24,"column":8},"end":{"line":26,"column":10}},"3":{"start":{"line":30,"column":8},"end":{"line":30,"column":45}},"4":{"start":{"line":36,"column":21},"end":{"line":36,"column":29}},"5":{"start":{"line":38,"column":8},"end":{"line":40,"column":10}},"6":{"start":{"line":46,"column":8},"end":{"line":46,"column":31}},"7":{"start":{"line":48,"column":8},"end":{"line":48,"column":63}},"8":{"start":{"line":53,"column":8},"end":{"line":53,"column":59}},"9":{"start":{"line":55,"column":8},"end":{"line":56,"column":52}},"10":{"start":{"line":58,"column":21},"end":{"line":58,"column":31}},"11":{"start":{"line":61,"column":8},"end":{"line":83,"column":9}},"12":{"start":{"line":73,"column":44},"end":{"line":73,"column":65}},"13":{"start":{"line":78,"column":43},"end":{"line":78,"column":81}},"14":{"start":{"line":88,"column":0},"end":{"line":90,"column":1}},"15":{"start":{"line":92,"column":0},"end":{"line":94,"column":1}}},"fnMap":{"0":{"name":"(anonymous_0)","decl":{"start":{"line":8,"column":4},"end":{"line":8,"column":5}},"loc":{"start":{"line":8,"column":23},"end":{"line":14,"column":5}},"line":8},"1":{"name":"(anonymous_1)","decl":{"start":{"line":23,"column":4},"end":{"line":23,"column":5}},"loc":{"start":{"line":23,"column":41},"end":{"line":27,"column":5}},"line":23},"2":{"name":"(anonymous_2)","decl":{"start":{"line":29,"column":4},"end":{"line":29,"column":5}},"loc":{"start":{"line":29,"column":27},"end":{"line":31,"column":5}},"line":29},"3":{"name":"(anonymous_3)","decl":{"start":{"line":34,"column":19},"end":{"line":34,"column":20}},"loc":{"start":{"line":34,"column":26},"end":{"line":42,"column":5}},"line":34},"4":{"name":"(anonymous_4)","decl":{"start":{"line":44,"column":4},"end":{"line":44,"column":5}},"loc":{"start":{"line":44,"column":24},"end":{"line":49,"column":5}},"line":44},"5":{"name":"(anonymous_5)","decl":{"start":{"line":52,"column":4},"end":{"line":52,"column":5}},"loc":{"start":{"line":52,"column":13},"end":{"line":84,"column":5}},"line":52},"6":{"name":"(anonymous_6)","decl":{"start":{"line":73,"column":34},"end":{"line":73,"column":35}},"loc":{"start":{"line":73,"column":44},"end":{"line":73,"column":65}},"line":73},"7":{"name":"(anonymous_7)","decl":{"start":{"line":78,"column":37},"end":{"line":78,"column":38}},"loc":{"start":{"line":78,"column":43},"end":{"line":78,"column":81}},"line":78}},"branchMap":{},"s":{"0":2,"1":2,"2":0,"3":0,"4":0,"5":0,"6":2,"7":2,"8":2,"9":2,"10":2,"11":2,"12":2,"13":0,"14":2,"15":2},"f":{"0":2,"1":0,"2":0,"3":0,"4":2,"5":2,"6":2,"7":0},"b":{},"_coverageSchema":"332fd63041d2c1bcb487cc26dd0d5f7d97098a6c","hash":"04a8adc90b18ee0fdc93e0aa53ec2b159cdea92c"}
,"C:\\Users\\Training\\react-workshop\\src\\app\\redux-cart\\components\\CartList.js": {"path":"C:\\Users\\Training\\react-workshop\\src\\app\\redux-cart\\components\\CartList.js","statementMap":{"0":{"start":{"line":8,"column":18},"end":{"line":8,"column":23}},"1":{"start":{"line":10,"column":4},"end":{"line":10,"column":43}},"2":{"start":{"line":12,"column":3},"end":{"line":41,"column":5}},"3":{"start":{"line":30,"column":19},"end":{"line":33,"column":21}},"4":{"start":{"line":45,"column":0},"end":{"line":47,"column":1}},"5":{"start":{"line":49,"column":0},"end":{"line":51,"column":1}}},"fnMap":{"0":{"name":"CartList","decl":{"start":{"line":7,"column":24},"end":{"line":7,"column":32}},"loc":{"start":{"line":7,"column":40},"end":{"line":42,"column":1}},"line":7},"1":{"name":"(anonymous_1)","decl":{"start":{"line":29,"column":26},"end":{"line":29,"column":27}},"loc":{"start":{"line":30,"column":19},"end":{"line":33,"column":21}},"line":30}},"branchMap":{},"s":{"0":1,"1":1,"2":1,"3":2,"4":2,"5":2},"f":{"0":1,"1":2},"b":{},"_coverageSchema":"332fd63041d2c1bcb487cc26dd0d5f7d97098a6c","hash":"7e8cb1434a2922b4ce8ec112c3629033455dfd5c"}
,"C:\\Users\\Training\\react-workshop\\src\\app\\redux-cart\\components\\CartSummary.js": {"path":"C:\\Users\\Training\\react-workshop\\src\\app\\redux-cart\\components\\CartSummary.js","statementMap":{"0":{"start":{"line":10,"column":8},"end":{"line":10,"column":13}},"1":{"start":{"line":12,"column":4},"end":{"line":18,"column":5}},"2":{"start":{"line":23,"column":0},"end":{"line":25,"column":1}},"3":{"start":{"line":27,"column":0},"end":{"line":29,"column":1}}},"fnMap":{"0":{"name":"CartSummary","decl":{"start":{"line":5,"column":24},"end":{"line":5,"column":35}},"loc":{"start":{"line":5,"column":43},"end":{"line":20,"column":1}},"line":5}},"branchMap":{},"s":{"0":0,"1":0,"2":1,"3":1},"f":{"0":0},"b":{},"_coverageSchema":"332fd63041d2c1bcb487cc26dd0d5f7d97098a6c","hash":"d4db1e7ce1dfa90df0686ff7054bb56d8360babd"}
,"C:\\Users\\Training\\react-workshop\\src\\app\\redux-cart\\containers\\Cart.js": {"path":"C:\\Users\\Training\\react-workshop\\src\\app\\redux-cart\\containers\\Cart.js","statementMap":{"0":{"start":{"line":21,"column":4},"end":{"line":21,"column":52}},"1":{"start":{"line":22,"column":4},"end":{"line":25,"column":5}},"2":{"start":{"line":31,"column":4},"end":{"line":31,"column":38}},"3":{"start":{"line":33,"column":4},"end":{"line":59,"column":5}},"4":{"start":{"line":36,"column":21},"end":{"line":36,"column":24}},"5":{"start":{"line":37,"column":23},"end":{"line":42,"column":13}},"6":{"start":{"line":44,"column":25},"end":{"line":44,"column":46}},"7":{"start":{"line":45,"column":12},"end":{"line":45,"column":29}},"8":{"start":{"line":67,"column":16},"end":{"line":67,"column":60}},"9":{"start":{"line":70,"column":20},"end":{"line":70,"column":35}}},"fnMap":{"0":{"name":"mapStateToProps","decl":{"start":{"line":20,"column":16},"end":{"line":20,"column":31}},"loc":{"start":{"line":20,"column":40},"end":{"line":26,"column":1}},"line":20},"1":{"name":"mapDispatchToProps","decl":{"start":{"line":30,"column":16},"end":{"line":30,"column":34}},"loc":{"start":{"line":30,"column":45},"end":{"line":60,"column":1}},"line":30},"2":{"name":"(anonymous_2)","decl":{"start":{"line":35,"column":17},"end":{"line":35,"column":18}},"loc":{"start":{"line":35,"column":29},"end":{"line":46,"column":9}},"line":35}},"branchMap":{},"s":{"0":1,"1":1,"2":1,"3":1,"4":1,"5":1,"6":1,"7":1,"8":1,"9":1},"f":{"0":1,"1":1,"2":1},"b":{},"_coverageSchema":"332fd63041d2c1bcb487cc26dd0d5f7d97098a6c","hash":"76956b06293684a8248335d0a56b086839eecb65"}
,"C:\\Users\\Training\\react-workshop\\src\\app\\redux-cart\\containers\\CartItem.js": {"path":"C:\\Users\\Training\\react-workshop\\src\\app\\redux-cart\\containers\\CartItem.js","statementMap":{"0":{"start":{"line":9,"column":27},"end":{"line":13,"column":1}},"1":{"start":{"line":10,"column":4},"end":{"line":12,"column":5}}},"fnMap":{"0":{"name":"(anonymous_0)","decl":{"start":{"line":9,"column":27},"end":{"line":9,"column":28}},"loc":{"start":{"line":9,"column":41},"end":{"line":13,"column":1}},"line":9}},"branchMap":{},"s":{"0":2,"1":2},"f":{"0":2},"b":{},"_coverageSchema":"332fd63041d2c1bcb487cc26dd0d5f7d97098a6c","hash":"9be8c3ff770aabb037c74acf48e7bd123399339f"}
,"C:\\Users\\Training\\react-workshop\\src\\app\\redux-cart\\containers\\CartList.js": {"path":"C:\\Users\\Training\\react-workshop\\src\\app\\redux-cart\\containers\\CartList.js","statementMap":{"0":{"start":{"line":5,"column":24},"end":{"line":9,"column":1}},"1":{"start":{"line":6,"column":4},"end":{"line":8,"column":5}}},"fnMap":{"0":{"name":"(anonymous_0)","decl":{"start":{"line":5,"column":24},"end":{"line":5,"column":25}},"loc":{"start":{"line":5,"column":35},"end":{"line":9,"column":1}},"line":5}},"branchMap":{},"s":{"0":1,"1":0},"f":{"0":0},"b":{},"_coverageSchema":"332fd63041d2c1bcb487cc26dd0d5f7d97098a6c","hash":"cd0096cd7c8ac142137ceed184ad919c0535acfe"}
,"C:\\Users\\Training\\react-workshop\\src\\app\\redux-cart\\containers\\CartSummary.js": {"path":"C:\\Users\\Training\\react-workshop\\src\\app\\redux-cart\\containers\\CartSummary.js","statementMap":{"0":{"start":{"line":12,"column":4},"end":{"line":12,"column":38}},"1":{"start":{"line":13,"column":17},"end":{"line":13,"column":18}},"2":{"start":{"line":14,"column":16},"end":{"line":14,"column":17}},"3":{"start":{"line":16,"column":4},"end":{"line":19,"column":5}},"4":{"start":{"line":17,"column":8},"end":{"line":17,"column":40}},"5":{"start":{"line":18,"column":8},"end":{"line":18,"column":27}},"6":{"start":{"line":21,"column":4},"end":{"line":24,"column":5}},"7":{"start":{"line":29,"column":20},"end":{"line":29,"column":42}},"8":{"start":{"line":29,"column":31},"end":{"line":29,"column":42}},"9":{"start":{"line":30,"column":28},"end":{"line":31,"column":70}},"10":{"start":{"line":31,"column":51},"end":{"line":31,"column":69}},"11":{"start":{"line":33,"column":24},"end":{"line":45,"column":1}},"12":{"start":{"line":35,"column":17},"end":{"line":35,"column":43}},"13":{"start":{"line":38,"column":4},"end":{"line":41,"column":5}}},"fnMap":{"0":{"name":"recalculate","decl":{"start":{"line":11,"column":9},"end":{"line":11,"column":20}},"loc":{"start":{"line":11,"column":28},"end":{"line":25,"column":1}},"line":11},"1":{"name":"(anonymous_1)","decl":{"start":{"line":29,"column":20},"end":{"line":29,"column":21}},"loc":{"start":{"line":29,"column":31},"end":{"line":29,"column":42}},"line":29},"2":{"name":"(anonymous_2)","decl":{"start":{"line":31,"column":39},"end":{"line":31,"column":40}},"loc":{"start":{"line":31,"column":51},"end":{"line":31,"column":69}},"line":31},"3":{"name":"(anonymous_3)","decl":{"start":{"line":33,"column":24},"end":{"line":33,"column":25}},"loc":{"start":{"line":33,"column":35},"end":{"line":45,"column":1}},"line":33}},"branchMap":{},"s":{"0":0,"1":0,"2":0,"3":0,"4":0,"5":0,"6":0,"7":1,"8":0,"9":1,"10":0,"11":1,"12":0,"13":0},"f":{"0":0,"1":0,"2":0,"3":0},"b":{},"_coverageSchema":"332fd63041d2c1bcb487cc26dd0d5f7d97098a6c","hash":"474e1698f1b7cc7b3038d8397a898eacf4548931"}
,"C:\\Users\\Training\\react-workshop\\src\\app\\redux-cart\\state\\action-types.js": {"path":"C:\\Users\\Training\\react-workshop\\src\\app\\redux-cart\\state\\action-types.js","statementMap":{"0":{"start":{"line":3,"column":32},"end":{"line":3,"column":55}},"1":{"start":{"line":4,"column":37},"end":{"line":4,"column":65}},"2":{"start":{"line":5,"column":35},"end":{"line":5,"column":61}},"3":{"start":{"line":6,"column":26},"end":{"line":6,"column":43}}},"fnMap":{},"branchMap":{},"s":{"0":4,"1":4,"2":4,"3":4},"f":{},"b":{},"_coverageSchema":"332fd63041d2c1bcb487cc26dd0d5f7d97098a6c","hash":"248b5f7c60766dbc443a6cd6de33553e8c5ac545"}
,"C:\\Users\\Training\\react-workshop\\src\\app\\redux-cart\\state\\actions.js": {"path":"C:\\Users\\Training\\react-workshop\\src\\app\\redux-cart\\state\\actions.js","statementMap":{"0":{"start":{"line":5,"column":23},"end":{"line":12,"column":1}},"1":{"start":{"line":6,"column":4},"end":{"line":11,"column":5}},"2":{"start":{"line":14,"column":26},"end":{"line":21,"column":1}},"3":{"start":{"line":15,"column":4},"end":{"line":20,"column":5}},"4":{"start":{"line":24,"column":26},"end":{"line":32,"column":1}},"5":{"start":{"line":25,"column":4},"end":{"line":31,"column":5}},"6":{"start":{"line":34,"column":21},"end":{"line":40,"column":1}},"7":{"start":{"line":35,"column":4},"end":{"line":35,"column":47}},"8":{"start":{"line":37,"column":4},"end":{"line":39,"column":5}}},"fnMap":{"0":{"name":"(anonymous_0)","decl":{"start":{"line":5,"column":23},"end":{"line":5,"column":24}},"loc":{"start":{"line":5,"column":33},"end":{"line":12,"column":1}},"line":5},"1":{"name":"(anonymous_1)","decl":{"start":{"line":14,"column":26},"end":{"line":14,"column":27}},"loc":{"start":{"line":14,"column":34},"end":{"line":21,"column":1}},"line":14},"2":{"name":"(anonymous_2)","decl":{"start":{"line":24,"column":26},"end":{"line":24,"column":27}},"loc":{"start":{"line":24,"column":39},"end":{"line":32,"column":1}},"line":24},"3":{"name":"(anonymous_3)","decl":{"start":{"line":34,"column":21},"end":{"line":34,"column":22}},"loc":{"start":{"line":34,"column":27},"end":{"line":40,"column":1}},"line":34}},"branchMap":{},"s":{"0":4,"1":3,"2":4,"3":0,"4":4,"5":0,"6":4,"7":2,"8":2},"f":{"0":3,"1":0,"2":0,"3":2},"b":{},"_coverageSchema":"332fd63041d2c1bcb487cc26dd0d5f7d97098a6c","hash":"6e0b3286fb21de2b7d640dfd520539566ce1637c"}
,"C:\\Users\\Training\\react-workshop\\src\\app\\redux-cart\\state\\cartReducer.js": {"path":"C:\\Users\\Training\\react-workshop\\src\\app\\redux-cart\\state\\cartReducer.js","statementMap":{"0":{"start":{"line":3,"column":22},"end":{"line":3,"column":24}},"1":{"start":{"line":6,"column":4},"end":{"line":6,"column":47}},"2":{"start":{"line":8,"column":4},"end":{"line":27,"column":5}},"3":{"start":{"line":10,"column":12},"end":{"line":10,"column":51}},"4":{"start":{"line":13,"column":12},"end":{"line":13,"column":72}},"5":{"start":{"line":13,"column":42},"end":{"line":13,"column":70}},"6":{"start":{"line":16,"column":12},"end":{"line":21,"column":14}},"7":{"start":{"line":17,"column":16},"end":{"line":18,"column":32}},"8":{"start":{"line":18,"column":20},"end":{"line":18,"column":32}},"9":{"start":{"line":20,"column":16},"end":{"line":20,"column":58}},"10":{"start":{"line":23,"column":12},"end":{"line":23,"column":22}},"11":{"start":{"line":26,"column":12},"end":{"line":26,"column":25}}},"fnMap":{"0":{"name":"cartReducer","decl":{"start":{"line":5,"column":24},"end":{"line":5,"column":35}},"loc":{"start":{"line":5,"column":67},"end":{"line":28,"column":1}},"line":5},"1":{"name":"(anonymous_1)","decl":{"start":{"line":13,"column":34},"end":{"line":13,"column":35}},"loc":{"start":{"line":13,"column":42},"end":{"line":13,"column":70}},"line":13},"2":{"name":"(anonymous_2)","decl":{"start":{"line":16,"column":31},"end":{"line":16,"column":32}},"loc":{"start":{"line":16,"column":39},"end":{"line":21,"column":13}},"line":16}},"branchMap":{"0":{"loc":{"start":{"line":5,"column":36},"end":{"line":5,"column":57}},"type":"default-arg","locations":[{"start":{"line":5,"column":44},"end":{"line":5,"column":57}}],"line":5},"1":{"loc":{"start":{"line":8,"column":4},"end":{"line":27,"column":5}},"type":"switch","locations":[{"start":{"line":9,"column":8},"end":{"line":10,"column":51}},{"start":{"line":12,"column":8},"end":{"line":13,"column":72}},{"start":{"line":15,"column":8},"end":{"line":21,"column":14}},{"start":{"line":22,"column":8},"end":{"line":23,"column":22}},{"start":{"line":25,"column":8},"end":{"line":26,"column":25}}],"line":8},"2":{"loc":{"start":{"line":17,"column":16},"end":{"line":18,"column":32}},"type":"if","locations":[{"start":{"line":17,"column":16},"end":{"line":18,"column":32}},{"start":{"line":17,"column":16},"end":{"line":18,"column":32}}],"line":17}},"s":{"0":2,"1":5,"2":5,"3":1,"4":0,"5":0,"6":0,"7":0,"8":0,"9":0,"10":1,"11":3},"f":{"0":5,"1":0,"2":0},"b":{"0":[3],"1":[1,0,0,1,3],"2":[0,0]},"_coverageSchema":"332fd63041d2c1bcb487cc26dd0d5f7d97098a6c","hash":"c4aac7244083416628961004dd775239788be612"}
,"C:\\Users\\Training\\react-workshop\\test-config\\browser-mocks.js": {"path":"C:\\Users\\Training\\react-workshop\\test-config\\browser-mocks.js","statementMap":{"0":{"start":{"line":2,"column":23},"end":{"line":17,"column":4}},"1":{"start":{"line":3,"column":16},"end":{"line":3,"column":18}},"2":{"start":{"line":5,"column":4},"end":{"line":15,"column":6}},"3":{"start":{"line":7,"column":12},"end":{"line":7,"column":38}},"4":{"start":{"line":10,"column":12},"end":{"line":10,"column":42}},"5":{"start":{"line":13,"column":12},"end":{"line":13,"column":23}},"6":{"start":{"line":19,"column":0},"end":{"line":21,"column":3}}},"fnMap":{"0":{"name":"(anonymous_0)","decl":{"start":{"line":2,"column":24},"end":{"line":2,"column":25}},"loc":{"start":{"line":2,"column":35},"end":{"line":17,"column":1}},"line":2},"1":{"name":"(anonymous_1)","decl":{"start":{"line":6,"column":17},"end":{"line":6,"column":18}},"loc":{"start":{"line":6,"column":31},"end":{"line":8,"column":9}},"line":6},"2":{"name":"(anonymous_2)","decl":{"start":{"line":9,"column":17},"end":{"line":9,"column":18}},"loc":{"start":{"line":9,"column":38},"end":{"line":11,"column":9}},"line":9},"3":{"name":"(anonymous_3)","decl":{"start":{"line":12,"column":15},"end":{"line":12,"column":16}},"loc":{"start":{"line":12,"column":26},"end":{"line":14,"column":9}},"line":12}},"branchMap":{"0":{"loc":{"start":{"line":7,"column":19},"end":{"line":7,"column":37}},"type":"binary-expr","locations":[{"start":{"line":7,"column":19},"end":{"line":7,"column":29}},{"start":{"line":7,"column":33},"end":{"line":7,"column":37}}],"line":7}},"s":{"0":5,"1":5,"2":5,"3":0,"4":0,"5":0,"6":5},"f":{"0":5,"1":0,"2":0,"3":0},"b":{"0":[0,0]},"_coverageSchema":"332fd63041d2c1bcb487cc26dd0d5f7d97098a6c","hash":"33087eb6bdbcd6c848e1494a95dc685e9e451430"}
,"C:\\Users\\Training\\react-workshop\\test-config\\setupTests.js": {"path":"C:\\Users\\Training\\react-workshop\\test-config\\setupTests.js","statementMap":{"0":{"start":{"line":7,"column":0},"end":{"line":7,"column":38}}},"fnMap":{},"branchMap":{},"s":{"0":5},"f":{},"b":{},"_coverageSchema":"332fd63041d2c1bcb487cc26dd0d5f7d97098a6c","hash":"58ae13d9e0808812736605679dd8741b2ae75bc2"}
,"C:\\Users\\Training\\react-workshop\\test-config\\shim.js": {"path":"C:\\Users\\Training\\react-workshop\\test-config\\shim.js","statementMap":{"0":{"start":{"line":4,"column":12},"end":{"line":6,"column":1}},"1":{"start":{"line":5,"column":4},"end":{"line":5,"column":21}}},"fnMap":{"0":{"name":"(anonymous_0)","decl":{"start":{"line":4,"column":43},"end":{"line":4,"column":44}},"loc":{"start":{"line":4,"column":51},"end":{"line":6,"column":1}},"line":4}},"branchMap":{},"s":{"0":5,"1":0},"f":{"0":0},"b":{},"_coverageSchema":"332fd63041d2c1bcb487cc26dd0d5f7d97098a6c","hash":"6154d0be130208d7316e3813254b1edce04e47c2"}
}
