TN:
SF:C:\Users\Training\react-workshop\src\app\store.js
FN:15,counterReducer
FN:39,loggerMiddleware
FN:40,(anonymous_2)
FN:42,(anonymous_3)
FNF:4
FNH:3
FNDA:3,counterReducer
FNDA:1,loggerMiddleware
FNDA:1,(anonymous_2)
FNDA:0,(anonymous_3)
DA:13,1
DA:16,3
DA:18,3
DA:20,0
DA:23,3
DA:32,1
DA:40,1
DA:42,1
DA:45,0
DA:46,0
DA:53,0
DA:56,0
DA:57,0
DA:58,0
DA:62,0
DA:68,1
DA:75,1
LF:17
LH:9
BRDA:15,0,0,3
BRDA:18,1,0,0
BRDA:18,1,1,3
BRDA:56,2,0,0
BRDA:56,2,1,0
BRDA:56,3,0,0
BRDA:56,3,1,0
BRF:7
BRH:2
end_of_record
TN:
SF:C:\Users\Training\react-workshop\src\app\components\About.js
FN:5,(anonymous_0)
FN:15,(anonymous_1)
FN:29,(anonymous_2)
FN:44,(anonymous_3)
FN:62,(anonymous_4)
FNF:5
FNH:5
FNDA:2,(anonymous_0)
FNDA:1,(anonymous_1)
FNDA:1,(anonymous_2)
FNDA:4,(anonymous_3)
FNDA:4,(anonymous_4)
DA:6,2
DA:8,2
DA:16,1
DA:22,1
DA:23,1
DA:27,1
DA:30,1
DA:33,1
DA:45,4
DA:46,4
DA:63,4
DA:75,1
DA:79,1
LF:13
LH:13
BRDA:53,0,0,2
BRDA:53,0,1,2
BRDA:58,1,0,4
BRDA:58,1,1,2
BRF:4
BRH:4
end_of_record
TN:
SF:C:\Users\Training\react-workshop\src\app\product\state\action-types.js
FNF:0
FNH:0
DA:1,1
DA:2,1
DA:5,1
DA:7,1
LF:4
LH:4
BRF:0
BRH:0
end_of_record
TN:
SF:C:\Users\Training\react-workshop\src\app\product\state\productReducer.js
FN:11,productReducer
FNF:1
FNH:1
FNDA:3,productReducer
DA:3,1
DA:12,3
DA:14,3
DA:16,0
DA:20,0
DA:24,0
DA:30,3
LF:7
LH:4
BRDA:11,0,0,3
BRDA:14,1,0,0
BRDA:14,1,1,0
BRDA:14,1,2,0
BRDA:14,1,3,3
BRF:5
BRH:2
end_of_record
TN:
SF:C:\Users\Training\react-workshop\src\app\redux-cart\components\Cart.js
FN:9,Cart
FN:16,(anonymous_1)
FN:21,(anonymous_2)
FNF:3
FNH:0
FNDA:0,Cart
FNDA:0,(anonymous_1)
FNDA:0,(anonymous_2)
DA:10,0
DA:12,0
DA:16,0
DA:21,0
DA:39,1
DA:43,1
LF:6
LH:2
BRF:0
BRH:0
end_of_record
TN:
SF:C:\Users\Training\react-workshop\src\app\redux-cart\components\CartItem.js
FN:8,(anonymous_0)
FN:23,(anonymous_1)
FN:29,(anonymous_2)
FN:34,(anonymous_3)
FN:44,(anonymous_4)
FN:52,(anonymous_5)
FN:73,(anonymous_6)
FN:78,(anonymous_7)
FNF:8
FNH:4
FNDA:2,(anonymous_0)
FNDA:0,(anonymous_1)
FNDA:0,(anonymous_2)
FNDA:0,(anonymous_3)
FNDA:2,(anonymous_4)
FNDA:2,(anonymous_5)
FNDA:2,(anonymous_6)
FNDA:0,(anonymous_7)
DA:9,2
DA:11,2
DA:24,0
DA:30,0
DA:36,0
DA:38,0
DA:46,2
DA:48,2
DA:53,2
DA:55,2
DA:58,2
DA:61,2
DA:73,2
DA:78,0
DA:88,2
DA:92,2
LF:16
LH:11
BRF:0
BRH:0
end_of_record
TN:
SF:C:\Users\Training\react-workshop\src\app\redux-cart\components\CartList.js
FN:7,CartList
FN:29,(anonymous_1)
FNF:2
FNH:2
FNDA:1,CartList
FNDA:2,(anonymous_1)
DA:8,1
DA:10,1
DA:12,1
DA:30,2
DA:45,2
DA:49,2
LF:6
LH:6
BRF:0
BRH:0
end_of_record
TN:
SF:C:\Users\Training\react-workshop\src\app\redux-cart\components\CartSummary.js
FN:5,CartSummary
FNF:1
FNH:0
FNDA:0,CartSummary
DA:10,0
DA:12,0
DA:23,1
DA:27,1
LF:4
LH:2
BRF:0
BRH:0
end_of_record
TN:
SF:C:\Users\Training\react-workshop\src\app\redux-cart\containers\Cart.js
FN:20,mapStateToProps
FN:30,mapDispatchToProps
FN:35,(anonymous_2)
FNF:3
FNH:3
FNDA:1,mapStateToProps
FNDA:1,mapDispatchToProps
FNDA:1,(anonymous_2)
DA:21,1
DA:22,1
DA:31,1
DA:33,1
DA:36,1
DA:37,1
DA:44,1
DA:45,1
DA:67,1
DA:70,1
LF:10
LH:10
BRF:0
BRH:0
end_of_record
TN:
SF:C:\Users\Training\react-workshop\src\app\redux-cart\containers\CartItem.js
FN:9,(anonymous_0)
FNF:1
FNH:1
FNDA:2,(anonymous_0)
DA:9,2
DA:10,2
LF:2
LH:2
BRF:0
BRH:0
end_of_record
TN:
SF:C:\Users\Training\react-workshop\src\app\redux-cart\containers\CartList.js
FN:5,(anonymous_0)
FNF:1
FNH:0
FNDA:0,(anonymous_0)
DA:5,1
DA:6,0
LF:2
LH:1
BRF:0
BRH:0
end_of_record
TN:
SF:C:\Users\Training\react-workshop\src\app\redux-cart\containers\CartSummary.js
FN:11,recalculate
FN:29,(anonymous_1)
FN:31,(anonymous_2)
FN:33,(anonymous_3)
FNF:4
FNH:0
FNDA:0,recalculate
FNDA:0,(anonymous_1)
FNDA:0,(anonymous_2)
FNDA:0,(anonymous_3)
DA:12,0
DA:13,0
DA:14,0
DA:16,0
DA:17,0
DA:18,0
DA:21,0
DA:29,1
DA:30,1
DA:31,0
DA:33,1
DA:35,0
DA:38,0
LF:13
LH:3
BRF:0
BRH:0
end_of_record
TN:
SF:C:\Users\Training\react-workshop\src\app\redux-cart\state\action-types.js
FNF:0
FNH:0
DA:3,4
DA:4,4
DA:5,4
DA:6,4
LF:4
LH:4
BRF:0
BRH:0
end_of_record
TN:
SF:C:\Users\Training\react-workshop\src\app\redux-cart\state\actions.js
FN:5,(anonymous_0)
FN:14,(anonymous_1)
FN:24,(anonymous_2)
FN:34,(anonymous_3)
FNF:4
FNH:2
FNDA:3,(anonymous_0)
FNDA:0,(anonymous_1)
FNDA:0,(anonymous_2)
FNDA:2,(anonymous_3)
DA:5,4
DA:6,3
DA:14,4
DA:15,0
DA:24,4
DA:25,0
DA:34,4
DA:35,2
DA:37,2
LF:9
LH:7
BRF:0
BRH:0
end_of_record
TN:
SF:C:\Users\Training\react-workshop\src\app\redux-cart\state\cartReducer.js
FN:5,cartReducer
FN:13,(anonymous_1)
FN:16,(anonymous_2)
FNF:3
FNH:1
FNDA:5,cartReducer
FNDA:0,(anonymous_1)
FNDA:0,(anonymous_2)
DA:3,2
DA:6,5
DA:8,5
DA:10,1
DA:13,0
DA:16,0
DA:17,0
DA:18,0
DA:20,0
DA:23,1
DA:26,3
LF:11
LH:6
BRDA:5,0,0,3
BRDA:8,1,0,1
BRDA:8,1,1,0
BRDA:8,1,2,0
BRDA:8,1,3,1
BRDA:8,1,4,3
BRDA:17,2,0,0
BRDA:17,2,1,0
BRF:8
BRH:4
end_of_record
TN:
SF:C:\Users\Training\react-workshop\test-config\browser-mocks.js
FN:2,(anonymous_0)
FN:6,(anonymous_1)
FN:9,(anonymous_2)
FN:12,(anonymous_3)
FNF:4
FNH:1
FNDA:5,(anonymous_0)
FNDA:0,(anonymous_1)
FNDA:0,(anonymous_2)
FNDA:0,(anonymous_3)
DA:2,5
DA:3,5
DA:5,5
DA:7,0
DA:10,0
DA:13,0
DA:19,5
LF:7
LH:4
BRDA:7,0,0,0
BRDA:7,0,1,0
BRF:2
BRH:0
end_of_record
TN:
SF:C:\Users\Training\react-workshop\test-config\setupTests.js
FNF:0
FNH:0
DA:7,5
LF:1
LH:1
BRF:0
BRH:0
end_of_record
TN:
SF:C:\Users\Training\react-workshop\test-config\shim.js
FN:4,(anonymous_0)
FNF:1
FNH:0
FNDA:0,(anonymous_0)
DA:4,5
DA:5,0
LF:2
LH:1
BRF:0
BRH:0
end_of_record
